<?xml version="1.0" encoding="UTF-8"?>
<!-- Generated by org.testng.reporters.JUnitReportReporter -->
<testsuite hostname="OMAR-ZAHEDAH" failures="0" tests="1" name="loginPage.MyTestCase" time="1.523" errors="0" timestamp="2025-07-11T20:49:52 EET" skipped="0">
  <testcase classname="loginPage.MyTestCase" name="Singup" time="1.523"/>
</testsuite> <!-- loginPage.MyTestCase -->
