<?xml version="1.0" encoding="UTF-8"?>
<!-- Generated by org.testng.reporters.JUnitReportReporter -->
<testsuite hostname="OMAR-ZAHEDAH" failures="0" tests="1" name="loginPage.MyTestCase" time="0.632" errors="0" timestamp="2025-07-09T13:43:28 EET" skipped="0">
  <testcase classname="loginPage.MyTestCase" name="Singup" time="0.632"/>
</testsuite> <!-- loginPage.MyTestCase -->
