<?xml version="1.0" encoding="UTF-8"?>
<!-- Generated by org.testng.reporters.JUnitReportReporter -->
<testsuite hostname="OMAR-ZAHEDAH" failures="0" tests="4" name="loginPage.MyTestCase" time="6.081" errors="0" timestamp="2025-07-12T17:38:56 EET" skipped="3">
  <testcase classname="loginPage.MyTestCase" name="addToCard" time="6.081"/>
  <testcase classname="loginPage.MyTestCase" name="Singup">
    <skipped/>
  </testcase> <!-- Singup -->
  <testcase classname="loginPage.MyTestCase" name="Login">
    <skipped/>
  </testcase> <!-- Login -->
  <testcase classname="loginPage.MyTestCase" name="Logout">
    <skipped/>
  </testcase> <!-- Logout -->
</testsuite> <!-- loginPage.MyTestCase -->
